Crashlog created at 2016-05-20 09:34:25 +0200

===== MESSAGE:

Nanoc::Int::Errors::UnknownLayout: The site does not have a layout with identifier “blog_single”.

===== COMPILATION STACK:

  - [item]   /blog/test1.md (rep default)

===== STACK TRACE:

  0. C:/Ruby22-x64/lib/ruby/gems/2.2.0/gems/nanoc-4.1.6/lib/nanoc/base/services/executor.rb:141:in `find_layout'
  1. C:/Ruby22-x64/lib/ruby/gems/2.2.0/gems/nanoc-4.1.6/lib/nanoc/base/services/executor.rb:58:in `layout'
  2. C:/Ruby22-x64/lib/ruby/gems/2.2.0/gems/nanoc-4.1.6/lib/nanoc/base/compilation/compiler.rb:257:in `block in recalculate_content_for_rep'
  3. C:/Ruby22-x64/lib/ruby/gems/2.2.0/gems/nanoc-4.1.6/lib/nanoc/base/entities/rule_memory.rb:44:in `block in each'
  4. C:/Ruby22-x64/lib/ruby/gems/2.2.0/gems/nanoc-4.1.6/lib/nanoc/base/entities/rule_memory.rb:44:in `each'
  5. C:/Ruby22-x64/lib/ruby/gems/2.2.0/gems/nanoc-4.1.6/lib/nanoc/base/entities/rule_memory.rb:44:in `each'
  6. C:/Ruby22-x64/lib/ruby/gems/2.2.0/gems/nanoc-4.1.6/lib/nanoc/base/compilation/compiler.rb:252:in `recalculate_content_for_rep'
  7. C:/Ruby22-x64/lib/ruby/gems/2.2.0/gems/nanoc-4.1.6/lib/nanoc/base/compilation/compiler.rb:227:in `compile_rep'
  8. C:/Ruby22-x64/lib/ruby/gems/2.2.0/gems/nanoc-4.1.6/lib/nanoc/base/compilation/compiler.rb:202:in `block in compile_reps'
  9. C:/Ruby22-x64/lib/ruby/gems/2.2.0/gems/nanoc-4.1.6/lib/nanoc/base/services/item_rep_selector.rb:18:in `block in each'
  10. C:/Ruby22-x64/lib/ruby/gems/2.2.0/gems/nanoc-4.1.6/lib/nanoc/base/services/item_rep_selector.rb:13:in `loop'
  11. C:/Ruby22-x64/lib/ruby/gems/2.2.0/gems/nanoc-4.1.6/lib/nanoc/base/services/item_rep_selector.rb:13:in `each'
  12. C:/Ruby22-x64/lib/ruby/gems/2.2.0/gems/nanoc-4.1.6/lib/nanoc/base/compilation/compiler.rb:200:in `compile_reps'
  13. C:/Ruby22-x64/lib/ruby/gems/2.2.0/gems/nanoc-4.1.6/lib/nanoc/base/compilation/compiler.rb:103:in `block in run'
  14. C:/Ruby22-x64/lib/ruby/gems/2.2.0/gems/nanoc-4.1.6/lib/nanoc/base/compilation/dependency_tracker.rb:18:in `run'
  15. C:/Ruby22-x64/lib/ruby/gems/2.2.0/gems/nanoc-4.1.6/lib/nanoc/base/compilation/compiler.rb:102:in `run'
  16. C:/Ruby22-x64/lib/ruby/gems/2.2.0/gems/nanoc-4.1.6/lib/nanoc/base/compilation/compiler.rb:89:in `run_all'
  17. C:/Ruby22-x64/lib/ruby/gems/2.2.0/gems/nanoc-4.1.6/lib/nanoc/base/entities/site.rb:24:in `compile'
  18. C:/Ruby22-x64/lib/ruby/gems/2.2.0/gems/nanoc-4.1.6/lib/nanoc/cli/commands/compile.rb:375:in `block in run'
  19. C:/Ruby22-x64/lib/ruby/gems/2.2.0/gems/nanoc-4.1.6/lib/nanoc/cli/commands/compile.rb:417:in `run_listeners_while'
  20. C:/Ruby22-x64/lib/ruby/gems/2.2.0/gems/nanoc-4.1.6/lib/nanoc/cli/commands/compile.rb:374:in `run'
  21. C:/Ruby22-x64/lib/ruby/gems/2.2.0/gems/nanoc-4.1.6/lib/nanoc/cli/command_runner.rb:12:in `block in call'
  22. C:/Ruby22-x64/lib/ruby/gems/2.2.0/gems/nanoc-4.1.6/lib/nanoc/cli/error_handler.rb:64:in `handle_while'
  23. C:/Ruby22-x64/lib/ruby/gems/2.2.0/gems/nanoc-4.1.6/lib/nanoc/cli/error_handler.rb:22:in `handle_while'
  24. C:/Ruby22-x64/lib/ruby/gems/2.2.0/gems/nanoc-4.1.6/lib/nanoc/cli/command_runner.rb:11:in `call'
  25. C:/Ruby22-x64/lib/ruby/gems/2.2.0/gems/cri-2.7.0/lib/cri/command_dsl.rb:233:in `block in runner'
  26. C:/Ruby22-x64/lib/ruby/gems/2.2.0/gems/cri-2.7.0/lib/cri/command.rb:294:in `call'
  27. C:/Ruby22-x64/lib/ruby/gems/2.2.0/gems/cri-2.7.0/lib/cri/command.rb:294:in `run_this'
  28. C:/Ruby22-x64/lib/ruby/gems/2.2.0/gems/cri-2.7.0/lib/cri/command.rb:247:in `run'
  29. C:/Ruby22-x64/lib/ruby/gems/2.2.0/gems/cri-2.7.0/lib/cri/command.rb:260:in `run'
  30. C:/Ruby22-x64/lib/ruby/gems/2.2.0/gems/nanoc-4.1.6/lib/nanoc/cli.rb:53:in `block in run'
  31. C:/Ruby22-x64/lib/ruby/gems/2.2.0/gems/nanoc-4.1.6/lib/nanoc/cli/error_handler.rb:64:in `handle_while'
  32. C:/Ruby22-x64/lib/ruby/gems/2.2.0/gems/nanoc-4.1.6/lib/nanoc/cli/error_handler.rb:22:in `handle_while'
  33. C:/Ruby22-x64/lib/ruby/gems/2.2.0/gems/nanoc-4.1.6/lib/nanoc/cli.rb:51:in `run'
  34. C:/Ruby22-x64/lib/ruby/gems/2.2.0/gems/nanoc-4.1.6/bin/nanoc:9:in `<top (required)>'
  35. C:/Ruby22-x64/bin/nanoc:23:in `load'

===== VERSION INFORMATION:

Nanoc 4.1.6 © 2007-2016 Denis Defreyne.
Running ruby 2.2.4 (2015-12-16) on x64-mingw32 with RubyGems 2.4.5.1.

===== INSTALLED GEMS:

  adsf 1.2.1
  autoprefixer-rails 6.3.6
  bootstrap-sass 3.3.6
  builder 3.2.2
  bundler 1.11.2
  chunky_png 1.3.5
  coderay 1.1.1
  colored 1.2
  compass 1.0.3
  compass-core 1.0.3
  compass-import-once 1.0.5
  cri 2.7.0
  execjs 2.6.0
  ffi 1.9.10
  font-awesome-sass 4.6.2
  formatador 0.2.5
  guard 2.13.0
  guard-compat 1.2.1
  guard-nanoc 2.0.0
  haml 4.0.7
  htmlcompressor 0.3.0
  jsmin 1.0.1
  json 1.8.3
  kramdown 1.11.1
  listen 3.1.3
  lumberjack 1.0.10
  method_source 0.8.2
  mime-types 3.0
  mime-types-data 3.2016.0221
  mini_portile2 2.0.0
  multi_json 1.12.0
  nanoc 4.1.6
  nanoc-external 1.0.1
  nenv 0.3.0
  nokogiri 1.6.7.2
  notiffany 0.0.8
  pry 0.10.3
  rack 1.6.4
  rainpress 1.0
  rb-fsevent 0.9.7
  rb-inotify 0.9.7
  ruby_dep 1.3.1
  sass 3.4.22
  shellany 0.0.1
  slop 3.6.0
  thor 0.19.1
  tilt 2.0.2
  wdm 0.1.1

===== GEMFILE.LOCK:

GIT
  remote: git://github.com/nanoc/nanoc-external.git
  revision: e8efcfa2c2075222caa31a738280da4147b33f09
  branch: nanoc4
  specs:
    nanoc-external (1.0.1)
      nanoc (>= 3.8.0, < 5.0.0)

GEM
  remote: https://rubygems.org/
  specs:
    adsf (1.2.1)
      rack (>= 1.0.0)
    autoprefixer-rails (6.3.6)
      execjs
    bootstrap-sass (3.3.6)
      autoprefixer-rails (>= 5.2.1)
      sass (>= 3.3.4)
    builder (3.2.2)
    chunky_png (1.3.5)
    coderay (1.1.1)
    colored (1.2)
    compass (1.0.3)
      chunky_png (~> 1.2)
      compass-core (~> 1.0.2)
      compass-import-once (~> 1.0.5)
      rb-fsevent (>= 0.9.3)
      rb-inotify (>= 0.9)
      sass (>= 3.3.13, < 3.5)
    compass-core (1.0.3)
      multi_json (~> 1.0)
      sass (>= 3.3.0, < 3.5)
    compass-import-once (1.0.5)
      sass (>= 3.2, < 3.5)
    cri (2.7.0)
      colored (~> 1.2)
    execjs (2.6.0)
    ffi (1.9.10-x64-mingw32)
    font-awesome-sass (4.6.2)
      sass (>= 3.2)
    formatador (0.2.5)
    guard (2.13.0)
      formatador (>= 0.2.4)
      listen (>= 2.7, <= 4.0)
      lumberjack (~> 1.0)
      nenv (~> 0.1)
      notiffany (~> 0.0)
      pry (>= 0.9.12)
      shellany (~> 0.0)
      thor (>= 0.18.1)
    guard-compat (1.2.1)
    guard-nanoc (2.0.0)
      guard (~> 2.8)
      guard-compat (~> 1.0)
      nanoc (~> 4.0)
    haml (4.0.7)
      tilt
    htmlcompressor (0.3.0)
    jsmin (1.0.1)
    json (1.8.3)
    kramdown (1.11.1)
    listen (3.1.3)
      rb-fsevent (~> 0.9, >= 0.9.7)
      rb-inotify (~> 0.9, >= 0.9.7)
      ruby_dep (~> 1.2)
    lumberjack (1.0.10)
    method_source (0.8.2)
    mime-types (3.0)
      mime-types-data (~> 3.2015)
    mime-types-data (3.2016.0221)
    mini_portile2 (2.0.0)
    multi_json (1.12.0)
    nanoc (4.1.6)
      cri (~> 2.3)
    nenv (0.3.0)
    nokogiri (1.6.7.2-x64-mingw32)
      mini_portile2 (~> 2.0.0.rc2)
    notiffany (0.0.8)
      nenv (~> 0.1)
      shellany (~> 0.0)
    pry (0.10.3)
      coderay (~> 1.1.0)
      method_source (~> 0.8.1)
      slop (~> 3.4)
    rack (1.6.4)
    rainpress (1.0)
    rb-fsevent (0.9.7)
    rb-inotify (0.9.7)
      ffi (>= 0.5.0)
    ruby_dep (1.3.1)
    sass (3.4.22)
    shellany (0.0.1)
    slop (3.6.0)
    thor (0.19.1)
    tilt (2.0.2)
    wdm (0.1.1)

PLATFORMS
  x64-mingw32

DEPENDENCIES
  adsf
  bootstrap-sass
  builder
  coderay
  compass
  font-awesome-sass
  guard-nanoc
  haml
  htmlcompressor
  jsmin
  json
  kramdown
  mime-types
  nanoc
  nanoc-external!
  nokogiri
  rainpress
  sass
  wdm (>= 0.1.0)

BUNDLED WITH
   1.11.2

===== LOAD PATHS:

  0. C:/Ruby22-x64/lib/ruby/gems/2.2.0/extensions/x64-mingw32/2.2.0/wdm-0.1.1
  1. C:/Ruby22-x64/lib/ruby/gems/2.2.0/gems/wdm-0.1.1/lib
  2. C:/Ruby22-x64/lib/ruby/gems/2.2.0/gems/rainpress-1.0/lib
  3. C:/Ruby22-x64/lib/ruby/gems/2.2.0/gems/nokogiri-1.6.7.2-x64-mingw32/lib
  4. C:/Ruby22-x64/lib/ruby/gems/2.2.0/bundler/gems/nanoc-external-e8efcfa2c207/lib
  5. C:/Ruby22-x64/lib/ruby/gems/2.2.0/gems/mini_portile2-2.0.0/lib
  6. C:/Ruby22-x64/lib/ruby/gems/2.2.0/gems/mime-types-3.0/lib
  7. C:/Ruby22-x64/lib/ruby/gems/2.2.0/gems/mime-types-data-3.2016.0221/lib
  8. C:/Ruby22-x64/lib/ruby/gems/2.2.0/gems/kramdown-1.11.1/lib
  9. C:/Ruby22-x64/lib/ruby/gems/2.2.0/extensions/x64-mingw32/2.2.0/json-1.8.3
  10. C:/Ruby22-x64/lib/ruby/gems/2.2.0/gems/json-1.8.3/lib
  11. C:/Ruby22-x64/lib/ruby/gems/2.2.0/gems/jsmin-1.0.1/lib
  12. C:/Ruby22-x64/lib/ruby/gems/2.2.0/gems/htmlcompressor-0.3.0/lib
  13. C:/Ruby22-x64/lib/ruby/gems/2.2.0/gems/haml-4.0.7/lib
  14. C:/Ruby22-x64/lib/ruby/gems/2.2.0/gems/tilt-2.0.2/lib
  15. C:/Ruby22-x64/lib/ruby/gems/2.2.0/gems/guard-nanoc-2.0.0/lib
  16. C:/Ruby22-x64/lib/ruby/gems/2.2.0/gems/nanoc-4.1.6/lib
  17. C:/Ruby22-x64/lib/ruby/gems/2.2.0/gems/guard-compat-1.2.1/lib
  18. C:/Ruby22-x64/lib/ruby/gems/2.2.0/gems/guard-2.13.0/lib
  19. C:/Ruby22-x64/lib/ruby/gems/2.2.0/gems/thor-0.19.1/lib
  20. C:/Ruby22-x64/lib/ruby/gems/2.2.0/gems/pry-0.10.3/lib
  21. C:/Ruby22-x64/lib/ruby/gems/2.2.0/gems/slop-3.6.0/lib
  22. C:/Ruby22-x64/lib/ruby/gems/2.2.0/gems/method_source-0.8.2/lib
  23. C:/Ruby22-x64/lib/ruby/gems/2.2.0/gems/notiffany-0.0.8/lib
  24. C:/Ruby22-x64/lib/ruby/gems/2.2.0/gems/shellany-0.0.1/lib
  25. C:/Ruby22-x64/lib/ruby/gems/2.2.0/gems/nenv-0.3.0/lib
  26. C:/Ruby22-x64/lib/ruby/gems/2.2.0/gems/lumberjack-1.0.10/lib
  27. C:/Ruby22-x64/lib/ruby/gems/2.2.0/gems/listen-3.1.3/lib
  28. C:/Ruby22-x64/lib/ruby/gems/2.2.0/gems/ruby_dep-1.3.1/lib
  29. C:/Ruby22-x64/lib/ruby/gems/2.2.0/gems/formatador-0.2.5/lib
  30. C:/Ruby22-x64/lib/ruby/gems/2.2.0/gems/font-awesome-sass-4.6.2/lib
  31. C:/Ruby22-x64/lib/ruby/gems/2.2.0/gems/cri-2.7.0/lib
  32. C:/Ruby22-x64/lib/ruby/gems/2.2.0/gems/compass-1.0.3/lib
  33. C:/Ruby22-x64/lib/ruby/gems/2.2.0/gems/rb-inotify-0.9.7/lib
  34. C:/Ruby22-x64/lib/ruby/gems/2.2.0/gems/ffi-1.9.10-x64-mingw32/lib
  35. C:/Ruby22-x64/lib/ruby/gems/2.2.0/gems/rb-fsevent-0.9.7/lib
  36. C:/Ruby22-x64/lib/ruby/gems/2.2.0/gems/compass-import-once-1.0.5/lib
  37. C:/Ruby22-x64/lib/ruby/gems/2.2.0/gems/compass-core-1.0.3/lib
  38. C:/Ruby22-x64/lib/ruby/gems/2.2.0/gems/multi_json-1.12.0/lib
  39. C:/Ruby22-x64/lib/ruby/gems/2.2.0/gems/colored-1.2/lib
  40. C:/Ruby22-x64/lib/ruby/gems/2.2.0/gems/coderay-1.1.1/lib
  41. C:/Ruby22-x64/lib/ruby/gems/2.2.0/gems/chunky_png-1.3.5/lib
  42. C:/Ruby22-x64/lib/ruby/gems/2.2.0/gems/builder-3.2.2/lib
  43. C:/Ruby22-x64/lib/ruby/gems/2.2.0/gems/bootstrap-sass-3.3.6/lib
  44. C:/Ruby22-x64/lib/ruby/gems/2.2.0/gems/sass-3.4.22/lib
  45. C:/Ruby22-x64/lib/ruby/gems/2.2.0/gems/autoprefixer-rails-6.3.6/lib
  46. C:/Ruby22-x64/lib/ruby/gems/2.2.0/gems/execjs-2.6.0/lib
  47. C:/Ruby22-x64/lib/ruby/gems/2.2.0/gems/adsf-1.2.1/lib
  48. C:/Ruby22-x64/lib/ruby/gems/2.2.0/gems/rack-1.6.4/lib
  49. C:/Ruby22-x64/lib/ruby/gems/2.2.0/gems/bundler-1.11.2/lib
  50. C:/Ruby22-x64/lib/ruby/site_ruby/2.2.0
  51. C:/Ruby22-x64/lib/ruby/site_ruby/2.2.0/x64-msvcrt
  52. C:/Ruby22-x64/lib/ruby/site_ruby
  53. C:/Ruby22-x64/lib/ruby/vendor_ruby/2.2.0
  54. C:/Ruby22-x64/lib/ruby/vendor_ruby/2.2.0/x64-msvcrt
  55. C:/Ruby22-x64/lib/ruby/vendor_ruby
  56. C:/Ruby22-x64/lib/ruby/2.2.0
  57. C:/Ruby22-x64/lib/ruby/2.2.0/x64-mingw32
